<?xml version="1.0" encoding="UTF-8"?>
<!-- Generated by org.testng.reporters.JUnitXMLReporter -->
<testsuite ignored="0" hostname="Dan-Joshua-SG" failures="0" tests="59" name="Command line test" time="0.201" errors="0" timestamp="2021-10-23T16:52:22 PET">
  <testcase classname="cs.ing.software.lab1.Labo1Test" name="Test01" time="0.03"/>
  <testcase classname="cs.ing.software.lab1.Labo1Test" name="Test02" time="0.001"/>
  <testcase classname="cs.ing.software.lab1.Labo1Test" name="Test03" time="0.001"/>
  <testcase classname="cs.ing.software.lab1.Labo1Test" name="Test05" time="0.004"/>
  <testcase classname="cs.ing.software.lab1.Labo1Test" name="Test06" time="0.001"/>
  <testcase classname="cs.ing.software.lab1.Labo1Test" name="Test07" time="0.001"/>
  <testcase classname="cs.ing.software.lab1.Labo1Test" name="Test08" time="0.0"/>
  <testcase classname="cs.ing.software.lab1.Labo1Test" name="Test09" time="0.0"/>
  <testcase classname="cs.ing.software.lab1.Labo1Test" name="Test10" time="0.001"/>
  <testcase classname="cs.ing.software.lab1.Labo1Test" name="Test12" time="0.001"/>
  <testcase classname="cs.ing.software.lab1.Labo1Test" name="Test13" time="0.0"/>
  <testcase classname="cs.ing.software.lab1.Labo1Test" name="Test14" time="0.001"/>
  <testcase classname="cs.ing.software.lab1.Labo1Test" name="Test15" time="0.0"/>
  <testcase classname="cs.ing.software.lab1.Labo1Test" name="Test16" time="0.002"/>
  <testcase classname="cs.ing.software.lab1.Labo1Test" name="Test17" time="0.0"/>
  <testcase classname="cs.ing.software.lab1.Labo1Test" name="Test18" time="0.001"/>
  <testcase classname="cs.ing.software.lab1.Labo1Test" name="Test19" time="0.0"/>
  <testcase classname="cs.ing.software.lab1.Labo1Test" name="Test20" time="0.0"/>
  <testcase classname="cs.ing.software.lab1.Labo1Test" name="Test21" time="0.001"/>
  <testcase classname="cs.ing.software.lab1.Labo1Test" name="Test22" time="0.001"/>
  <testcase classname="cs.ing.software.lab1.Labo1Test" name="Test23" time="0.001"/>
  <testcase classname="cs.ing.software.lab1.Labo1Test" name="Test24" time="0.0"/>
  <testcase classname="cs.ing.software.lab1.Labo1Test" name="Test25" time="0.0"/>
  <testcase classname="cs.ing.software.lab1.Labo1Test" name="Test26" time="0.0"/>
  <testcase classname="cs.ing.software.lab1.Labo1Test" name="Test27" time="0.0"/>
  <testcase classname="cs.ing.software.lab1.Labo1Test" name="Test28" time="0.0"/>
  <testcase classname="cs.ing.software.lab1.Labo1Test" name="Test29" time="0.0"/>
  <testcase classname="cs.ing.software.lab1.Labo1Test" name="Test30" time="0.0"/>
  <testcase classname="cs.ing.software.lab1.Labo1Test" name="Test31" time="0.0"/>
  <testcase classname="cs.ing.software.lab1.Labo1Test" name="Test32" time="0.0"/>
  <testcase classname="cs.ing.software.lab1.Labo1Test" name="Test33" time="0.0"/>
  <testcase classname="cs.ing.software.lab1.Labo1Test" name="Test34" time="0.0"/>
  <testcase classname="cs.ing.software.lab1.Labo1Test" name="Test35" time="0.001"/>
  <testcase classname="cs.ing.software.lab1.Labo1Test" name="Test36" time="0.0"/>
  <testcase classname="cs.ing.software.lab1.Labo1Test" name="Test37" time="0.0"/>
  <testcase classname="cs.ing.software.lab1.Labo1Test" name="Test38" time="0.0"/>
  <testcase classname="cs.ing.software.lab1.Labo1Test" name="Test39" time="0.0"/>
  <testcase classname="cs.ing.software.lab1.Labo1Test" name="Test40" time="0.001"/>
  <testcase classname="cs.ing.software.lab1.Labo1Test" name="Test41" time="0.0"/>
  <testcase classname="cs.ing.software.lab1.Labo1Test" name="Test42" time="0.001"/>
  <testcase classname="cs.ing.software.lab1.Labo1Test" name="Test43" time="0.0"/>
  <testcase classname="cs.ing.software.lab1.Labo1Test" name="Test44" time="0.001"/>
  <testcase classname="cs.ing.software.lab1.Labo1Test" name="Test45" time="0.0"/>
  <testcase classname="cs.ing.software.lab1.Labo1Test" name="Test46" time="0.0"/>
  <testcase classname="cs.ing.software.lab1.Labo1Test" name="Test47" time="0.0"/>
  <testcase classname="cs.ing.software.lab1.Labo1Test" name="Test48" time="0.001"/>
  <testcase classname="cs.ing.software.lab1.Labo1Test" name="Test49" time="0.0"/>
  <testcase classname="cs.ing.software.lab1.Labo1Test" name="Test50" time="0.0"/>
  <testcase classname="cs.ing.software.lab1.Labo1Test" name="Test51" time="0.0"/>
  <testcase classname="cs.ing.software.lab1.Labo1Test" name="Test52" time="0.0"/>
  <testcase classname="cs.ing.software.lab1.Labo1Test" name="Test53" time="0.0"/>
  <testcase classname="cs.ing.software.lab1.Labo1Test" name="Test54" time="0.001"/>
  <testcase classname="cs.ing.software.lab1.Labo1Test" name="Test55" time="0.013"/>
  <testcase classname="cs.ing.software.lab1.Labo1Test" name="Test56" time="0.002"/>
  <testcase classname="cs.ing.software.lab1.Labo1Test" name="Test57" time="0.0"/>
  <testcase classname="cs.ing.software.lab1.Labo1Test" name="Test58" time="0.0"/>
  <testcase classname="cs.ing.software.lab1.Labo1Test" name="Test59" time="0.0"/>
  <testcase classname="cs.ing.software.lab1.Labo1Test" name="Test60" time="0.001"/>
  <testcase classname="cs.ing.software.lab1.Labo1Test" name="Test61" time="0.001"/>
</testsuite> <!-- Command line test -->
