<?xml version="1.0" encoding="UTF-8"?>
<testng-results ignored="0" total="2" passed="2" failed="0" skipped="0">
  <reporter-output>
  </reporter-output>
  <suite started-at="2021-10-23T20:23:29 PET" name="lab1.Labo1Test" finished-at="2021-10-23T20:23:29 PET" duration-ms="65">
    <groups>
    </groups>
    <test started-at="2021-10-23T20:23:29 PET" name="Command line test" finished-at="2021-10-23T20:23:29 PET" duration-ms="65">
      <class name="lab1.Labo1Test">
        <test-method signature="Test01()[pri:0, instance:lab1.Labo1Test@1f760b47]" started-at="2021-10-23T20:23:29 PET" name="Test01" finished-at="2021-10-23T20:23:29 PET" duration-ms="7" status="PASS">
          <reporter-output>
          </reporter-output>
        </test-method> <!-- Test01 -->
        <test-method signature="Test02()[pri:0, instance:lab1.Labo1Test@1f760b47]" started-at="2021-10-23T20:23:29 PET" name="Test02" finished-at="2021-10-23T20:23:29 PET" duration-ms="1" status="PASS">
          <reporter-output>
          </reporter-output>
        </test-method> <!-- Test02 -->
      </class> <!-- lab1.Labo1Test -->
    </test> <!-- Command line test -->
  </suite> <!-- lab1.Labo1Test -->
</testng-results>
