<?xml version="1.0" encoding="UTF-8"?>
<testng-results ignored="0" total="59" passed="59" failed="0" skipped="0">
  <reporter-output>
  </reporter-output>
  <suite started-at="2021-10-23T16:52:22 PET" name="cs.ing.software.lab1.Labo1Test" finished-at="2021-10-23T16:52:22 PET" duration-ms="201">
    <groups>
    </groups>
    <test started-at="2021-10-23T16:52:22 PET" name="Command line test" finished-at="2021-10-23T16:52:22 PET" duration-ms="201">
      <class name="cs.ing.software.lab1.Labo1Test">
        <test-method signature="Test01()[pri:0, instance:cs.ing.software.lab1.Labo1Test@2e32ccc5]" started-at="2021-10-23T16:52:22 PET" name="Test01" finished-at="2021-10-23T16:52:22 PET" duration-ms="30" status="PASS">
          <reporter-output>
          </reporter-output>
        </test-method> <!-- Test01 -->
        <test-method signature="Test02()[pri:0, instance:cs.ing.software.lab1.Labo1Test@2e32ccc5]" started-at="2021-10-23T16:52:22 PET" name="Test02" finished-at="2021-10-23T16:52:22 PET" duration-ms="1" status="PASS">
          <reporter-output>
          </reporter-output>
        </test-method> <!-- Test02 -->
        <test-method signature="Test03()[pri:0, instance:cs.ing.software.lab1.Labo1Test@2e32ccc5]" started-at="2021-10-23T16:52:22 PET" name="Test03" finished-at="2021-10-23T16:52:22 PET" duration-ms="1" status="PASS">
          <reporter-output>
          </reporter-output>
        </test-method> <!-- Test03 -->
        <test-method signature="Test05()[pri:0, instance:cs.ing.software.lab1.Labo1Test@2e32ccc5]" started-at="2021-10-23T16:52:22 PET" name="Test05" finished-at="2021-10-23T16:52:22 PET" duration-ms="4" status="PASS">
          <reporter-output>
          </reporter-output>
        </test-method> <!-- Test05 -->
        <test-method signature="Test06()[pri:0, instance:cs.ing.software.lab1.Labo1Test@2e32ccc5]" started-at="2021-10-23T16:52:22 PET" name="Test06" finished-at="2021-10-23T16:52:22 PET" duration-ms="1" status="PASS">
          <reporter-output>
          </reporter-output>
        </test-method> <!-- Test06 -->
        <test-method signature="Test07()[pri:0, instance:cs.ing.software.lab1.Labo1Test@2e32ccc5]" started-at="2021-10-23T16:52:22 PET" name="Test07" finished-at="2021-10-23T16:52:22 PET" duration-ms="1" status="PASS">
          <reporter-output>
          </reporter-output>
        </test-method> <!-- Test07 -->
        <test-method signature="Test08()[pri:0, instance:cs.ing.software.lab1.Labo1Test@2e32ccc5]" started-at="2021-10-23T16:52:22 PET" name="Test08" finished-at="2021-10-23T16:52:22 PET" duration-ms="0" status="PASS">
          <reporter-output>
          </reporter-output>
        </test-method> <!-- Test08 -->
        <test-method signature="Test09()[pri:0, instance:cs.ing.software.lab1.Labo1Test@2e32ccc5]" started-at="2021-10-23T16:52:22 PET" name="Test09" finished-at="2021-10-23T16:52:22 PET" duration-ms="0" status="PASS">
          <reporter-output>
          </reporter-output>
        </test-method> <!-- Test09 -->
        <test-method signature="Test10()[pri:0, instance:cs.ing.software.lab1.Labo1Test@2e32ccc5]" started-at="2021-10-23T16:52:22 PET" name="Test10" finished-at="2021-10-23T16:52:22 PET" duration-ms="1" status="PASS">
          <reporter-output>
          </reporter-output>
        </test-method> <!-- Test10 -->
        <test-method signature="Test12()[pri:0, instance:cs.ing.software.lab1.Labo1Test@2e32ccc5]" started-at="2021-10-23T16:52:22 PET" name="Test12" finished-at="2021-10-23T16:52:22 PET" duration-ms="1" status="PASS">
          <reporter-output>
          </reporter-output>
        </test-method> <!-- Test12 -->
        <test-method signature="Test13()[pri:0, instance:cs.ing.software.lab1.Labo1Test@2e32ccc5]" started-at="2021-10-23T16:52:22 PET" name="Test13" finished-at="2021-10-23T16:52:22 PET" duration-ms="0" status="PASS">
          <reporter-output>
          </reporter-output>
        </test-method> <!-- Test13 -->
        <test-method signature="Test14()[pri:0, instance:cs.ing.software.lab1.Labo1Test@2e32ccc5]" started-at="2021-10-23T16:52:22 PET" name="Test14" finished-at="2021-10-23T16:52:22 PET" duration-ms="1" status="PASS">
          <reporter-output>
          </reporter-output>
        </test-method> <!-- Test14 -->
        <test-method signature="Test16()[pri:0, instance:cs.ing.software.lab1.Labo1Test@2e32ccc5]" started-at="2021-10-23T16:52:22 PET" name="Test16" finished-at="2021-10-23T16:52:22 PET" duration-ms="2" status="PASS">
          <reporter-output>
          </reporter-output>
        </test-method> <!-- Test16 -->
        <test-method signature="Test15()[pri:0, instance:cs.ing.software.lab1.Labo1Test@2e32ccc5]" started-at="2021-10-23T16:52:22 PET" name="Test15" finished-at="2021-10-23T16:52:22 PET" duration-ms="0" status="PASS">
          <reporter-output>
          </reporter-output>
        </test-method> <!-- Test15 -->
        <test-method signature="Test17()[pri:0, instance:cs.ing.software.lab1.Labo1Test@2e32ccc5]" started-at="2021-10-23T16:52:22 PET" name="Test17" finished-at="2021-10-23T16:52:22 PET" duration-ms="0" status="PASS">
          <reporter-output>
          </reporter-output>
        </test-method> <!-- Test17 -->
        <test-method signature="Test18()[pri:0, instance:cs.ing.software.lab1.Labo1Test@2e32ccc5]" started-at="2021-10-23T16:52:22 PET" name="Test18" finished-at="2021-10-23T16:52:22 PET" duration-ms="1" status="PASS">
          <reporter-output>
          </reporter-output>
        </test-method> <!-- Test18 -->
        <test-method signature="Test19()[pri:0, instance:cs.ing.software.lab1.Labo1Test@2e32ccc5]" started-at="2021-10-23T16:52:22 PET" name="Test19" finished-at="2021-10-23T16:52:22 PET" duration-ms="0" status="PASS">
          <reporter-output>
          </reporter-output>
        </test-method> <!-- Test19 -->
        <test-method signature="Test21()[pri:0, instance:cs.ing.software.lab1.Labo1Test@2e32ccc5]" started-at="2021-10-23T16:52:22 PET" name="Test21" finished-at="2021-10-23T16:52:22 PET" duration-ms="1" status="PASS">
          <reporter-output>
          </reporter-output>
        </test-method> <!-- Test21 -->
        <test-method signature="Test20()[pri:0, instance:cs.ing.software.lab1.Labo1Test@2e32ccc5]" started-at="2021-10-23T16:52:22 PET" name="Test20" finished-at="2021-10-23T16:52:22 PET" duration-ms="0" status="PASS">
          <reporter-output>
          </reporter-output>
        </test-method> <!-- Test20 -->
        <test-method signature="Test22()[pri:0, instance:cs.ing.software.lab1.Labo1Test@2e32ccc5]" started-at="2021-10-23T16:52:22 PET" name="Test22" finished-at="2021-10-23T16:52:22 PET" duration-ms="1" status="PASS">
          <reporter-output>
          </reporter-output>
        </test-method> <!-- Test22 -->
        <test-method signature="Test23()[pri:0, instance:cs.ing.software.lab1.Labo1Test@2e32ccc5]" started-at="2021-10-23T16:52:22 PET" name="Test23" finished-at="2021-10-23T16:52:22 PET" duration-ms="1" status="PASS">
          <reporter-output>
          </reporter-output>
        </test-method> <!-- Test23 -->
        <test-method signature="Test24()[pri:0, instance:cs.ing.software.lab1.Labo1Test@2e32ccc5]" started-at="2021-10-23T16:52:22 PET" name="Test24" finished-at="2021-10-23T16:52:22 PET" duration-ms="0" status="PASS">
          <reporter-output>
          </reporter-output>
        </test-method> <!-- Test24 -->
        <test-method signature="Test25()[pri:0, instance:cs.ing.software.lab1.Labo1Test@2e32ccc5]" started-at="2021-10-23T16:52:22 PET" name="Test25" finished-at="2021-10-23T16:52:22 PET" duration-ms="0" status="PASS">
          <reporter-output>
          </reporter-output>
        </test-method> <!-- Test25 -->
        <test-method signature="Test26()[pri:0, instance:cs.ing.software.lab1.Labo1Test@2e32ccc5]" started-at="2021-10-23T16:52:22 PET" name="Test26" finished-at="2021-10-23T16:52:22 PET" duration-ms="0" status="PASS">
          <reporter-output>
          </reporter-output>
        </test-method> <!-- Test26 -->
        <test-method signature="Test27()[pri:0, instance:cs.ing.software.lab1.Labo1Test@2e32ccc5]" started-at="2021-10-23T16:52:22 PET" name="Test27" finished-at="2021-10-23T16:52:22 PET" duration-ms="0" status="PASS">
          <reporter-output>
          </reporter-output>
        </test-method> <!-- Test27 -->
        <test-method signature="Test28()[pri:0, instance:cs.ing.software.lab1.Labo1Test@2e32ccc5]" started-at="2021-10-23T16:52:22 PET" name="Test28" finished-at="2021-10-23T16:52:22 PET" duration-ms="0" status="PASS">
          <reporter-output>
          </reporter-output>
        </test-method> <!-- Test28 -->
        <test-method signature="Test29()[pri:0, instance:cs.ing.software.lab1.Labo1Test@2e32ccc5]" started-at="2021-10-23T16:52:22 PET" name="Test29" finished-at="2021-10-23T16:52:22 PET" duration-ms="0" status="PASS">
          <reporter-output>
          </reporter-output>
        </test-method> <!-- Test29 -->
        <test-method signature="Test30()[pri:0, instance:cs.ing.software.lab1.Labo1Test@2e32ccc5]" started-at="2021-10-23T16:52:22 PET" name="Test30" finished-at="2021-10-23T16:52:22 PET" duration-ms="0" status="PASS">
          <reporter-output>
          </reporter-output>
        </test-method> <!-- Test30 -->
        <test-method signature="Test31()[pri:0, instance:cs.ing.software.lab1.Labo1Test@2e32ccc5]" started-at="2021-10-23T16:52:22 PET" name="Test31" finished-at="2021-10-23T16:52:22 PET" duration-ms="0" status="PASS">
          <reporter-output>
          </reporter-output>
        </test-method> <!-- Test31 -->
        <test-method signature="Test32()[pri:0, instance:cs.ing.software.lab1.Labo1Test@2e32ccc5]" started-at="2021-10-23T16:52:22 PET" name="Test32" finished-at="2021-10-23T16:52:22 PET" duration-ms="0" status="PASS">
          <reporter-output>
          </reporter-output>
        </test-method> <!-- Test32 -->
        <test-method signature="Test33()[pri:0, instance:cs.ing.software.lab1.Labo1Test@2e32ccc5]" started-at="2021-10-23T16:52:22 PET" name="Test33" finished-at="2021-10-23T16:52:22 PET" duration-ms="0" status="PASS">
          <reporter-output>
          </reporter-output>
        </test-method> <!-- Test33 -->
        <test-method signature="Test35()[pri:0, instance:cs.ing.software.lab1.Labo1Test@2e32ccc5]" started-at="2021-10-23T16:52:22 PET" name="Test35" finished-at="2021-10-23T16:52:22 PET" duration-ms="1" status="PASS">
          <reporter-output>
          </reporter-output>
        </test-method> <!-- Test35 -->
        <test-method signature="Test34()[pri:0, instance:cs.ing.software.lab1.Labo1Test@2e32ccc5]" started-at="2021-10-23T16:52:22 PET" name="Test34" finished-at="2021-10-23T16:52:22 PET" duration-ms="0" status="PASS">
          <reporter-output>
          </reporter-output>
        </test-method> <!-- Test34 -->
        <test-method signature="Test36()[pri:0, instance:cs.ing.software.lab1.Labo1Test@2e32ccc5]" started-at="2021-10-23T16:52:22 PET" name="Test36" finished-at="2021-10-23T16:52:22 PET" duration-ms="0" status="PASS">
          <reporter-output>
          </reporter-output>
        </test-method> <!-- Test36 -->
        <test-method signature="Test37()[pri:0, instance:cs.ing.software.lab1.Labo1Test@2e32ccc5]" started-at="2021-10-23T16:52:22 PET" name="Test37" finished-at="2021-10-23T16:52:22 PET" duration-ms="0" status="PASS">
          <reporter-output>
          </reporter-output>
        </test-method> <!-- Test37 -->
        <test-method signature="Test38()[pri:0, instance:cs.ing.software.lab1.Labo1Test@2e32ccc5]" started-at="2021-10-23T16:52:22 PET" name="Test38" finished-at="2021-10-23T16:52:22 PET" duration-ms="0" status="PASS">
          <reporter-output>
          </reporter-output>
        </test-method> <!-- Test38 -->
        <test-method signature="Test40()[pri:0, instance:cs.ing.software.lab1.Labo1Test@2e32ccc5]" started-at="2021-10-23T16:52:22 PET" name="Test40" finished-at="2021-10-23T16:52:22 PET" duration-ms="1" status="PASS">
          <reporter-output>
          </reporter-output>
        </test-method> <!-- Test40 -->
        <test-method signature="Test39()[pri:0, instance:cs.ing.software.lab1.Labo1Test@2e32ccc5]" started-at="2021-10-23T16:52:22 PET" name="Test39" finished-at="2021-10-23T16:52:22 PET" duration-ms="0" status="PASS">
          <reporter-output>
          </reporter-output>
        </test-method> <!-- Test39 -->
        <test-method signature="Test41()[pri:0, instance:cs.ing.software.lab1.Labo1Test@2e32ccc5]" started-at="2021-10-23T16:52:22 PET" name="Test41" finished-at="2021-10-23T16:52:22 PET" duration-ms="0" status="PASS">
          <reporter-output>
          </reporter-output>
        </test-method> <!-- Test41 -->
        <test-method signature="Test42()[pri:0, instance:cs.ing.software.lab1.Labo1Test@2e32ccc5]" started-at="2021-10-23T16:52:22 PET" name="Test42" finished-at="2021-10-23T16:52:22 PET" duration-ms="1" status="PASS">
          <reporter-output>
          </reporter-output>
        </test-method> <!-- Test42 -->
        <test-method signature="Test43()[pri:0, instance:cs.ing.software.lab1.Labo1Test@2e32ccc5]" started-at="2021-10-23T16:52:22 PET" name="Test43" finished-at="2021-10-23T16:52:22 PET" duration-ms="0" status="PASS">
          <reporter-output>
          </reporter-output>
        </test-method> <!-- Test43 -->
        <test-method signature="Test44()[pri:0, instance:cs.ing.software.lab1.Labo1Test@2e32ccc5]" started-at="2021-10-23T16:52:22 PET" name="Test44" finished-at="2021-10-23T16:52:22 PET" duration-ms="1" status="PASS">
          <reporter-output>
          </reporter-output>
        </test-method> <!-- Test44 -->
        <test-method signature="Test45()[pri:0, instance:cs.ing.software.lab1.Labo1Test@2e32ccc5]" started-at="2021-10-23T16:52:22 PET" name="Test45" finished-at="2021-10-23T16:52:22 PET" duration-ms="0" status="PASS">
          <reporter-output>
          </reporter-output>
        </test-method> <!-- Test45 -->
        <test-method signature="Test46()[pri:0, instance:cs.ing.software.lab1.Labo1Test@2e32ccc5]" started-at="2021-10-23T16:52:22 PET" name="Test46" finished-at="2021-10-23T16:52:22 PET" duration-ms="0" status="PASS">
          <reporter-output>
          </reporter-output>
        </test-method> <!-- Test46 -->
        <test-method signature="Test47()[pri:0, instance:cs.ing.software.lab1.Labo1Test@2e32ccc5]" started-at="2021-10-23T16:52:22 PET" name="Test47" finished-at="2021-10-23T16:52:22 PET" duration-ms="0" status="PASS">
          <reporter-output>
          </reporter-output>
        </test-method> <!-- Test47 -->
        <test-method signature="Test48()[pri:0, instance:cs.ing.software.lab1.Labo1Test@2e32ccc5]" started-at="2021-10-23T16:52:22 PET" name="Test48" finished-at="2021-10-23T16:52:22 PET" duration-ms="1" status="PASS">
          <reporter-output>
          </reporter-output>
        </test-method> <!-- Test48 -->
        <test-method signature="Test49()[pri:0, instance:cs.ing.software.lab1.Labo1Test@2e32ccc5]" started-at="2021-10-23T16:52:22 PET" name="Test49" finished-at="2021-10-23T16:52:22 PET" duration-ms="0" status="PASS">
          <reporter-output>
          </reporter-output>
        </test-method> <!-- Test49 -->
        <test-method signature="Test50()[pri:0, instance:cs.ing.software.lab1.Labo1Test@2e32ccc5]" started-at="2021-10-23T16:52:22 PET" name="Test50" finished-at="2021-10-23T16:52:22 PET" duration-ms="0" status="PASS">
          <reporter-output>
          </reporter-output>
        </test-method> <!-- Test50 -->
        <test-method signature="Test51()[pri:0, instance:cs.ing.software.lab1.Labo1Test@2e32ccc5]" started-at="2021-10-23T16:52:22 PET" name="Test51" finished-at="2021-10-23T16:52:22 PET" duration-ms="0" status="PASS">
          <reporter-output>
          </reporter-output>
        </test-method> <!-- Test51 -->
        <test-method signature="Test52()[pri:0, instance:cs.ing.software.lab1.Labo1Test@2e32ccc5]" started-at="2021-10-23T16:52:22 PET" name="Test52" finished-at="2021-10-23T16:52:22 PET" duration-ms="0" status="PASS">
          <reporter-output>
          </reporter-output>
        </test-method> <!-- Test52 -->
        <test-method signature="Test54()[pri:0, instance:cs.ing.software.lab1.Labo1Test@2e32ccc5]" started-at="2021-10-23T16:52:22 PET" name="Test54" finished-at="2021-10-23T16:52:22 PET" duration-ms="1" status="PASS">
          <reporter-output>
          </reporter-output>
        </test-method> <!-- Test54 -->
        <test-method signature="Test53()[pri:0, instance:cs.ing.software.lab1.Labo1Test@2e32ccc5]" started-at="2021-10-23T16:52:22 PET" name="Test53" finished-at="2021-10-23T16:52:22 PET" duration-ms="0" status="PASS">
          <reporter-output>
          </reporter-output>
        </test-method> <!-- Test53 -->
        <test-method signature="Test55()[pri:0, instance:cs.ing.software.lab1.Labo1Test@2e32ccc5]" started-at="2021-10-23T16:52:22 PET" name="Test55" finished-at="2021-10-23T16:52:22 PET" duration-ms="13" status="PASS">
          <reporter-output>
          </reporter-output>
        </test-method> <!-- Test55 -->
        <test-method signature="Test56()[pri:0, instance:cs.ing.software.lab1.Labo1Test@2e32ccc5]" started-at="2021-10-23T16:52:22 PET" name="Test56" finished-at="2021-10-23T16:52:22 PET" duration-ms="2" status="PASS">
          <reporter-output>
          </reporter-output>
        </test-method> <!-- Test56 -->
        <test-method signature="Test57()[pri:0, instance:cs.ing.software.lab1.Labo1Test@2e32ccc5]" started-at="2021-10-23T16:52:22 PET" name="Test57" finished-at="2021-10-23T16:52:22 PET" duration-ms="0" status="PASS">
          <reporter-output>
          </reporter-output>
        </test-method> <!-- Test57 -->
        <test-method signature="Test58()[pri:0, instance:cs.ing.software.lab1.Labo1Test@2e32ccc5]" started-at="2021-10-23T16:52:22 PET" name="Test58" finished-at="2021-10-23T16:52:22 PET" duration-ms="0" status="PASS">
          <reporter-output>
          </reporter-output>
        </test-method> <!-- Test58 -->
        <test-method signature="Test59()[pri:0, instance:cs.ing.software.lab1.Labo1Test@2e32ccc5]" started-at="2021-10-23T16:52:22 PET" name="Test59" finished-at="2021-10-23T16:52:22 PET" duration-ms="0" status="PASS">
          <reporter-output>
          </reporter-output>
        </test-method> <!-- Test59 -->
        <test-method signature="Test60()[pri:0, instance:cs.ing.software.lab1.Labo1Test@2e32ccc5]" started-at="2021-10-23T16:52:22 PET" name="Test60" finished-at="2021-10-23T16:52:22 PET" duration-ms="1" status="PASS">
          <reporter-output>
          </reporter-output>
        </test-method> <!-- Test60 -->
        <test-method signature="Test61()[pri:0, instance:cs.ing.software.lab1.Labo1Test@2e32ccc5]" started-at="2021-10-23T16:52:22 PET" name="Test61" finished-at="2021-10-23T16:52:22 PET" duration-ms="1" status="PASS">
          <reporter-output>
          </reporter-output>
        </test-method> <!-- Test61 -->
      </class> <!-- cs.ing.software.lab1.Labo1Test -->
    </test> <!-- Command line test -->
  </suite> <!-- cs.ing.software.lab1.Labo1Test -->
</testng-results>
